build/intermediates/manifest_merge_blame_file/debug/processDebugMainManifest/manifest-merger-blame-debug-report.txt
1<?xml version="1.0" encoding="utf-8"?>
2<manifest xmlns:android="http://schemas.android.com/apk/res/android"
3    package="com.carassistant"
4    android:versionCode="1"
5    android:versionName="1.0" >
6
7    <uses-sdk
7-->Desktop\Traffic-Sign-Recognition-System-TSRS-Capstone-Project\AndroidManifest.xml:4:5-17
8        android:minSdkVersion="24"
9        android:targetSdkVersion="34" />
10
11    <uses-permission android:name="android.permission.CAMERA" />
11-->Desktop\Traffic-Sign-Recognition-System-TSRS-Capstone-Project\AndroidManifest.xml:6:5-65
11-->Desktop\Traffic-Sign-Recognition-System-TSRS-Capstone-Project\AndroidManifest.xml:6:22-62
12    <uses-permission android:name="android.permission.ACCESS_FINE_LOCATION" />
12-->Desktop\Traffic-Sign-Recognition-System-TSRS-Capstone-Project\AndroidManifest.xml:7:5-79
12-->Desktop\Traffic-Sign-Recognition-System-TSRS-Capstone-Project\AndroidManifest.xml:7:22-76
13
14    <uses-feature android:name="android.hardware.camera" />
14-->Desktop\Traffic-Sign-Recognition-System-TSRS-Capstone-Project\AndroidManifest.xml:9:5-60
14-->Desktop\Traffic-Sign-Recognition-System-TSRS-Capstone-Project\AndroidManifest.xml:9:19-57
15    <uses-feature android:name="android.hardware.camera.autofocus" />
15-->Desktop\Traffic-Sign-Recognition-System-TSRS-Capstone-Project\AndroidManifest.xml:10:5-70
15-->Desktop\Traffic-Sign-Recognition-System-TSRS-Capstone-Project\AndroidManifest.xml:10:19-67
16
17    <permission
17-->[androidx.core:core:1.13.0] AndroidManifest.xml:22:5-24:47
18        android:name="com.carassistant.DYNAMIC_RECEIVER_NOT_EXPORTED_PERMISSION"
18-->[androidx.core:core:1.13.0] AndroidManifest.xml:23:9-81
19        android:protectionLevel="signature" />
19-->[androidx.core:core:1.13.0] AndroidManifest.xml:24:9-44
20
21    <uses-permission android:name="com.carassistant.DYNAMIC_RECEIVER_NOT_EXPORTED_PERMISSION" />
21-->[androidx.core:core:1.13.0] AndroidManifest.xml:26:5-97
21-->[androidx.core:core:1.13.0] AndroidManifest.xml:26:22-94
22
23    <application
23-->Desktop\Traffic-Sign-Recognition-System-TSRS-Capstone-Project\AndroidManifest.xml:12:5-31:19
24        android:name="com.carassistant.application.CarAssistantApplication"
24-->Desktop\Traffic-Sign-Recognition-System-TSRS-Capstone-Project\AndroidManifest.xml:13:9-60
25        android:allowBackup="false"
25-->Desktop\Traffic-Sign-Recognition-System-TSRS-Capstone-Project\AndroidManifest.xml:14:9-36
26        android:appComponentFactory="androidx.core.app.CoreComponentFactory"
26-->[androidx.core:core:1.13.0] AndroidManifest.xml:28:18-86
27        android:debuggable="true"
28        android:extractNativeLibs="false"
29        android:icon="@drawable/ic_car"
29-->Desktop\Traffic-Sign-Recognition-System-TSRS-Capstone-Project\AndroidManifest.xml:15:9-40
30        android:label="@string/app_name"
30-->Desktop\Traffic-Sign-Recognition-System-TSRS-Capstone-Project\AndroidManifest.xml:16:9-41
31        android:roundIcon="@drawable/ic_car"
31-->Desktop\Traffic-Sign-Recognition-System-TSRS-Capstone-Project\AndroidManifest.xml:17:9-45
32        android:supportsRtl="true"
32-->Desktop\Traffic-Sign-Recognition-System-TSRS-Capstone-Project\AndroidManifest.xml:18:9-35
33        android:theme="@style/AppTheme" >
33-->Desktop\Traffic-Sign-Recognition-System-TSRS-Capstone-Project\AndroidManifest.xml:19:9-40
34        <activity
34-->Desktop\Traffic-Sign-Recognition-System-TSRS-Capstone-Project\AndroidManifest.xml:22:9-29:20
35            android:name="com.carassistant.ui.activities.DetectorActivity"
35-->Desktop\Traffic-Sign-Recognition-System-TSRS-Capstone-Project\AndroidManifest.xml:23:13-59
36            android:exported="true" >
36-->Desktop\Traffic-Sign-Recognition-System-TSRS-Capstone-Project\AndroidManifest.xml:24:13-36
37            <intent-filter>
37-->Desktop\Traffic-Sign-Recognition-System-TSRS-Capstone-Project\AndroidManifest.xml:25:13-28:29
38                <action android:name="android.intent.action.MAIN" />
38-->Desktop\Traffic-Sign-Recognition-System-TSRS-Capstone-Project\AndroidManifest.xml:26:17-69
38-->Desktop\Traffic-Sign-Recognition-System-TSRS-Capstone-Project\AndroidManifest.xml:26:25-66
39
40                <category android:name="android.intent.category.LAUNCHER" />
40-->Desktop\Traffic-Sign-Recognition-System-TSRS-Capstone-Project\AndroidManifest.xml:27:17-77
40-->Desktop\Traffic-Sign-Recognition-System-TSRS-Capstone-Project\AndroidManifest.xml:27:27-74
41            </intent-filter>
42        </activity>
43
44        <provider
44-->[androidx.emoji2:emoji2:1.3.0] AndroidManifest.xml:24:9-32:20
45            android:name="androidx.startup.InitializationProvider"
45-->[androidx.emoji2:emoji2:1.3.0] AndroidManifest.xml:25:13-67
46            android:authorities="com.carassistant.androidx-startup"
46-->[androidx.emoji2:emoji2:1.3.0] AndroidManifest.xml:26:13-68
47            android:exported="false" >
47-->[androidx.emoji2:emoji2:1.3.0] AndroidManifest.xml:27:13-37
48            <meta-data
48-->[androidx.emoji2:emoji2:1.3.0] AndroidManifest.xml:29:13-31:52
49                android:name="androidx.emoji2.text.EmojiCompatInitializer"
49-->[androidx.emoji2:emoji2:1.3.0] AndroidManifest.xml:30:17-75
50                android:value="androidx.startup" />
50-->[androidx.emoji2:emoji2:1.3.0] AndroidManifest.xml:31:17-49
51            <meta-data
51-->[androidx.lifecycle:lifecycle-process:2.6.2] AndroidManifest.xml:29:13-31:52
52                android:name="androidx.lifecycle.ProcessLifecycleInitializer"
52-->[androidx.lifecycle:lifecycle-process:2.6.2] AndroidManifest.xml:30:17-78
53                android:value="androidx.startup" />
53-->[androidx.lifecycle:lifecycle-process:2.6.2] AndroidManifest.xml:31:17-49
54            <meta-data
54-->[androidx.profileinstaller:profileinstaller:1.3.1] AndroidManifest.xml:29:13-31:52
55                android:name="androidx.profileinstaller.ProfileInstallerInitializer"
55-->[androidx.profileinstaller:profileinstaller:1.3.1] AndroidManifest.xml:30:17-85
56                android:value="androidx.startup" />
56-->[androidx.profileinstaller:profileinstaller:1.3.1] AndroidManifest.xml:31:17-49
57        </provider>
58
59        <receiver
59-->[androidx.profileinstaller:profileinstaller:1.3.1] AndroidManifest.xml:34:9-52:20
60            android:name="androidx.profileinstaller.ProfileInstallReceiver"
60-->[androidx.profileinstaller:profileinstaller:1.3.1] AndroidManifest.xml:35:13-76
61            android:directBootAware="false"
61-->[androidx.profileinstaller:profileinstaller:1.3.1] AndroidManifest.xml:36:13-44
62            android:enabled="true"
62-->[androidx.profileinstaller:profileinstaller:1.3.1] AndroidManifest.xml:37:13-35
63            android:exported="true"
63-->[androidx.profileinstaller:profileinstaller:1.3.1] AndroidManifest.xml:38:13-36
64            android:permission="android.permission.DUMP" >
64-->[androidx.profileinstaller:profileinstaller:1.3.1] AndroidManifest.xml:39:13-57
65            <intent-filter>
65-->[androidx.profileinstaller:profileinstaller:1.3.1] AndroidManifest.xml:40:13-42:29
66                <action android:name="androidx.profileinstaller.action.INSTALL_PROFILE" />
66-->[androidx.profileinstaller:profileinstaller:1.3.1] AndroidManifest.xml:41:17-91
66-->[androidx.profileinstaller:profileinstaller:1.3.1] AndroidManifest.xml:41:25-88
67            </intent-filter>
68            <intent-filter>
68-->[androidx.profileinstaller:profileinstaller:1.3.1] AndroidManifest.xml:43:13-45:29
69                <action android:name="androidx.profileinstaller.action.SKIP_FILE" />
69-->[androidx.profileinstaller:profileinstaller:1.3.1] AndroidManifest.xml:44:17-85
69-->[androidx.profileinstaller:profileinstaller:1.3.1] AndroidManifest.xml:44:25-82
70            </intent-filter>
71            <intent-filter>
71-->[androidx.profileinstaller:profileinstaller:1.3.1] AndroidManifest.xml:46:13-48:29
72                <action android:name="androidx.profileinstaller.action.SAVE_PROFILE" />
72-->[androidx.profileinstaller:profileinstaller:1.3.1] AndroidManifest.xml:47:17-88
72-->[androidx.profileinstaller:profileinstaller:1.3.1] AndroidManifest.xml:47:25-85
73            </intent-filter>
74            <intent-filter>
74-->[androidx.profileinstaller:profileinstaller:1.3.1] AndroidManifest.xml:49:13-51:29
75                <action android:name="androidx.profileinstaller.action.BENCHMARK_OPERATION" />
75-->[androidx.profileinstaller:profileinstaller:1.3.1] AndroidManifest.xml:50:17-95
75-->[androidx.profileinstaller:profileinstaller:1.3.1] AndroidManifest.xml:50:25-92
76            </intent-filter>
77        </receiver>
78    </application>
79
80</manifest>